<?xml version="1.0" encoding="utf-8"?><testsuites name="pytest tests"><testsuite name="pytest" errors="0" failures="0" skipped="0" tests="19" time="0.696" timestamp="2025-12-02T18:05:25.107497+07:00" hostname="LAPTOP-DAN"><testcase classname="services.api-gateway.tests.test_auth" name="test_login_success" time="0.043" /><testcase classname="services.api-gateway.tests.test_auth" name="test_login_invalid_credentials" time="0.105" /><testcase classname="services.api-gateway.tests.test_auth" name="test_register_success" time="0.057" /><testcase classname="services.api-gateway.tests.test_auth" name="test_register_duplicate_user" time="0.012" /><testcase classname="services.api-gateway.tests.test_auth" name="test_get_profile" time="0.013" /><testcase classname="services.api-gateway.tests.test_backtest" name="test_run_backtest" time="0.014" /><testcase classname="services.api-gateway.tests.test_backtest" name="test_get_backtest_results" time="0.010" /><testcase classname="services.api-gateway.tests.test_journal" name="test_create_journal_entry" time="0.020" /><testcase classname="services.api-gateway.tests.test_journal" name="test_list_journal_entries" time="0.020" /><testcase classname="services.api-gateway.tests.test_journal" name="test_get_journal_entry_found" time="0.018" /><testcase classname="services.api-gateway.tests.test_journal" name="test_get_journal_entry_not_found" time="0.017" /><testcase classname="services.api-gateway.tests.test_risk" name="test_check_risk_success" time="0.138" /><testcase classname="services.api-gateway.tests.test_risk" name="test_check_risk_service_unavailable" time="0.049" /><testcase classname="services.api-gateway.tests.test_risk" name="test_check_risk_service_error" time="0.053" /><testcase classname="services.api-gateway.tests.test_signal" name="test_get_latest_signal" time="0.007" /><testcase classname="services.api-gateway.tests.test_signal" name="test_check_signal" time="0.007" /><testcase classname="services.api-gateway.tests.test_strategy" name="test_create_strategy_success" time="0.015" /><testcase classname="services.api-gateway.tests.test_strategy" name="test_create_strategy_fund_not_found" time="0.013" /><testcase classname="services.api-gateway.tests.test_strategy" name="test_list_strategies" time="0.017" /></testsuite></testsuites>